INFO:root:Starting program...
INFO:root:Making wordlists...
INFO:root:Wordlists created
INFO:root:Starting driver...
INFO:root:Driver started
INFO:root:Starting crawl...
INFO:root:Trying site: https://www.independent.ie
INFO:root:Sleeping for 3 seconds
INFO:root:Finding consent element...
INFO:root:Selecting elements to search
INFO:root:Searching selected elements
INFO:root:Element found: button with text: accept
INFO:root:Finding reject element...
INFO:root:Selecting elements to search
INFO:root:Searching selected elements
INFO:root:No initial reject element found, now looking in iframes...
INFO:root:Switched to iframe: <selenium.webdriver.firefox.webelement.FirefoxWebElement (session="ba635651-084d-4ef2-afbb-dece1ed813c9", element="4bdcd030-06cd-44d7-b874-2e033097c5b6")>
INFO:root:Selecting elements to search
INFO:root:Searching selected elements
INFO:root:Switched to iframe: <selenium.webdriver.firefox.webelement.FirefoxWebElement (session="ba635651-084d-4ef2-afbb-dece1ed813c9", element="171f8b93-845b-4257-80da-907f79806449")>
INFO:root:Selecting elements to search
INFO:root:Searching selected elements
INFO:root:Switched to iframe: <selenium.webdriver.firefox.webelement.FirefoxWebElement (session="ba635651-084d-4ef2-afbb-dece1ed813c9", element="3ced580d-518b-4097-afe4-cac237c2d3c4")>
INFO:root:Selecting elements to search
INFO:root:Searching selected elements
INFO:root:Switched to iframe: <selenium.webdriver.firefox.webelement.FirefoxWebElement (session="ba635651-084d-4ef2-afbb-dece1ed813c9", element="ef9c0317-b531-4ab9-a9eb-134b366f2155")>
INFO:root:Selecting elements to search
INFO:root:Searching selected elements
INFO:root:Switched to iframe: <selenium.webdriver.firefox.webelement.FirefoxWebElement (session="ba635651-084d-4ef2-afbb-dece1ed813c9", element="8467b9af-4dc4-4499-933f-abd81eb7e98e")>
INFO:root:Selecting elements to search
INFO:root:Searching selected elements
INFO:root:Switched to iframe: <selenium.webdriver.firefox.webelement.FirefoxWebElement (session="ba635651-084d-4ef2-afbb-dece1ed813c9", element="a5ea8b90-adfe-4e7f-9c95-0fd74cfb6122")>
INFO:root:Selecting elements to search
INFO:root:Searching selected elements
INFO:root:Switched to iframe: <selenium.webdriver.firefox.webelement.FirefoxWebElement (session="ba635651-084d-4ef2-afbb-dece1ed813c9", element="e9e7eb43-59a0-4e1c-aad6-45dbbd394eeb")>
INFO:root:Selecting elements to search
INFO:root:Searching selected elements
INFO:root:No reject element could be found
INFO:root:Sleeping for one second
INFO:root:Making screenshot
INFO:root:Trying site: https://www.rte.ie
INFO:root:Sleeping for 3 seconds
INFO:root:Finding consent element...
INFO:root:Selecting elements to search
INFO:root:Searching selected elements
INFO:root:Element found: div with text: accept all cookies
INFO:root:Finding reject element...
INFO:root:Selecting elements to search
INFO:root:Searching selected elements
INFO:root:No initial reject element found, now looking in iframes...
INFO:root:Switched to iframe: <selenium.webdriver.firefox.webelement.FirefoxWebElement (session="ba635651-084d-4ef2-afbb-dece1ed813c9", element="bb3bb432-ce63-43fc-9a46-1c8036e53a97")>
INFO:root:Selecting elements to search
INFO:root:Searching selected elements
INFO:root:Switched to iframe: <selenium.webdriver.firefox.webelement.FirefoxWebElement (session="ba635651-084d-4ef2-afbb-dece1ed813c9", element="5ecbb41d-b62a-46f7-a710-5c6bbf86915f")>
INFO:root:Selecting elements to search
INFO:root:Searching selected elements
INFO:root:Switched to iframe: <selenium.webdriver.firefox.webelement.FirefoxWebElement (session="ba635651-084d-4ef2-afbb-dece1ed813c9", element="2b2370b0-2c98-4245-8d6c-00656492bd97")>
INFO:root:Selecting elements to search
INFO:root:Searching selected elements
INFO:root:No reject element could be found
INFO:root:Sleeping for one second
INFO:root:Making screenshot
INFO:root:Trying site: https://www.google.ie
INFO:root:Sleeping for 3 seconds
INFO:root:Finding consent element...
INFO:root:Selecting elements to search
INFO:root:Searching selected elements
INFO:root:No initial consent element found, now looking in iframes...
INFO:root:No consent element could be found
INFO:root:Finding reject element...
INFO:root:Selecting elements to search
INFO:root:Searching selected elements
INFO:root:No initial reject element found, now looking in iframes...
INFO:root:No reject element could be found
INFO:root:Sleeping for one second
INFO:root:Making screenshot
INFO:root:Trying site: https://www.tcd.ie
INFO:root:Sleeping for 3 seconds
INFO:root:Finding consent element...
INFO:root:Selecting elements to search
INFO:root:Searching selected elements
INFO:root:Element found: button with text: accept all cookies
INFO:root:Finding reject element...
INFO:root:Selecting elements to search
INFO:root:Searching selected elements
INFO:root:No initial reject element found, now looking in iframes...
INFO:root:Switched to iframe: <selenium.webdriver.firefox.webelement.FirefoxWebElement (session="ba635651-084d-4ef2-afbb-dece1ed813c9", element="52544ea0-2777-4118-a5d9-e88fa0741514")>
INFO:root:Selecting elements to search
INFO:root:Searching selected elements
INFO:root:No reject element could be found
INFO:root:Sleeping for one second
INFO:root:Making screenshot
INFO:root:Trying site: https://www.thejournal.ie
INFO:root:Sleeping for 3 seconds
INFO:root:Finding consent element...
INFO:root:Selecting elements to search
INFO:root:Searching selected elements
INFO:root:Element found: button with text: accept all
INFO:root:Finding reject element...
INFO:root:Selecting elements to search
INFO:root:Searching selected elements
INFO:root:No initial reject element found, now looking in iframes...
INFO:root:Switched to iframe: <selenium.webdriver.firefox.webelement.FirefoxWebElement (session="ba635651-084d-4ef2-afbb-dece1ed813c9", element="1822dd33-e14f-47f5-90ed-7735b53a424a")>
INFO:root:Selecting elements to search
INFO:root:Searching selected elements
INFO:root:Switched to iframe: <selenium.webdriver.firefox.webelement.FirefoxWebElement (session="ba635651-084d-4ef2-afbb-dece1ed813c9", element="f35366f2-b102-4a29-8444-ed9108fbde6c")>
INFO:root:Selecting elements to search
INFO:root:Searching selected elements
INFO:root:Switched to iframe: <selenium.webdriver.firefox.webelement.FirefoxWebElement (session="ba635651-084d-4ef2-afbb-dece1ed813c9", element="d72e70f5-498e-4797-a281-e4f66228b68b")>
INFO:root:Selecting elements to search
INFO:root:Searching selected elements
INFO:root:Switched to iframe: <selenium.webdriver.firefox.webelement.FirefoxWebElement (session="ba635651-084d-4ef2-afbb-dece1ed813c9", element="50acea6c-9f9b-4c19-9928-8bc5cd60c5f1")>
INFO:root:Selecting elements to search
INFO:root:Searching selected elements
INFO:root:Switched to iframe: <selenium.webdriver.firefox.webelement.FirefoxWebElement (session="ba635651-084d-4ef2-afbb-dece1ed813c9", element="875db932-247d-4648-8cbe-0b887b649458")>
INFO:root:Selecting elements to search
INFO:root:Searching selected elements
INFO:root:No reject element could be found
INFO:root:Sleeping for one second
INFO:root:Making screenshot
INFO:root:Trying site: https://www.ucd.ie
INFO:root:Sleeping for 3 seconds
INFO:root:Finding consent element...
INFO:root:Selecting elements to search
INFO:root:Searching selected elements
INFO:root:Element found: div with text: accept all cookies
INFO:root:Finding reject element...
INFO:root:Selecting elements to search
INFO:root:Searching selected elements
INFO:root:No initial reject element found, now looking in iframes...
INFO:root:Switched to iframe: <selenium.webdriver.firefox.webelement.FirefoxWebElement (session="ba635651-084d-4ef2-afbb-dece1ed813c9", element="0f55436f-cc4a-424c-ba42-c01e5b4fda7e")>
INFO:root:Selecting elements to search
INFO:root:Searching selected elements
INFO:root:No reject element could be found
INFO:root:Sleeping for one second
INFO:root:Making screenshot
INFO:root:Trying site: https://www.ucc.ie
INFO:root:Sleeping for 3 seconds
INFO:root:Finding consent element...
INFO:root:Selecting elements to search
INFO:root:Searching selected elements
INFO:root:Element found: button with text: accept all cookies
INFO:root:Finding reject element...
INFO:root:Selecting elements to search
INFO:root:Searching selected elements
INFO:root:Element found: button with text: reject all cookies
INFO:root:Sleeping for one second
INFO:root:Making screenshot
INFO:root:Trying site: https://www.irishmirror.ie
INFO:root:Sleeping for 3 seconds
INFO:root:Finding consent element...
INFO:root:Selecting elements to search
INFO:root:Searching selected elements
INFO:root:Element found: button with text: i accept
INFO:root:Finding reject element...
INFO:root:Selecting elements to search
INFO:root:Searching selected elements
INFO:root:No initial reject element found, now looking in iframes...
INFO:root:Switched to iframe: <selenium.webdriver.firefox.webelement.FirefoxWebElement (session="ba635651-084d-4ef2-afbb-dece1ed813c9", element="34f1a49e-43d1-40ce-aded-e3f42888aea3")>
INFO:root:Selecting elements to search
INFO:root:Searching selected elements
INFO:root:Switched to iframe: <selenium.webdriver.firefox.webelement.FirefoxWebElement (session="ba635651-084d-4ef2-afbb-dece1ed813c9", element="8d10d2fb-5d38-4b88-91c3-5aaffeef7d21")>
INFO:root:Selecting elements to search
INFO:root:Searching selected elements
INFO:root:Switched to iframe: <selenium.webdriver.firefox.webelement.FirefoxWebElement (session="ba635651-084d-4ef2-afbb-dece1ed813c9", element="d0edd3b1-460c-4356-8d71-ac626b62c966")>
INFO:root:Selecting elements to search
INFO:root:Searching selected elements
INFO:root:No reject element could be found
INFO:root:Sleeping for one second
INFO:root:Making screenshot
INFO:root:Trying site: https://www.www.gov.ie
ERROR:root:An exception was thrown while loading the site:
Traceback (most recent call last):
  File "/home/gijs/bachelor-thesis/crawler.py", line 15, in crawl
    driver.get(site)
  File "/home/gijs/miniconda3/envs/openwpm/lib/python3.10/site-packages/selenium/webdriver/remote/webdriver.py", line 333, in get
    self.execute(Command.GET, {'url': url})
  File "/home/gijs/miniconda3/envs/openwpm/lib/python3.10/site-packages/selenium/webdriver/remote/webdriver.py", line 321, in execute
    self.error_handler.check_response(response)
  File "/home/gijs/miniconda3/envs/openwpm/lib/python3.10/site-packages/selenium/webdriver/remote/errorhandler.py", line 242, in check_response
    raise exception_class(message, screen, stacktrace)
selenium.common.exceptions.WebDriverException: Message: Reached error page: about:neterror?e=dnsNotFound&u=https%3A//www.www.gov.ie/&c=UTF-8&d=We%20can%E2%80%99t%20connect%20to%20the%20server%20at%20www.www.gov.ie.

INFO:root:Finding consent element...
INFO:root:Selecting elements to search
INFO:root:Searching selected elements
INFO:root:No initial consent element found, now looking in iframes...
INFO:root:No consent element could be found
INFO:root:Finding reject element...
INFO:root:Selecting elements to search
INFO:root:Searching selected elements
INFO:root:No initial reject element found, now looking in iframes...
INFO:root:No reject element could be found
INFO:root:Sleeping for one second
INFO:root:Making screenshot
INFO:root:Trying site: https://www.rufus.ie
ERROR:root:An exception was thrown while loading the site:
Traceback (most recent call last):
  File "/home/gijs/bachelor-thesis/crawler.py", line 15, in crawl
    driver.get(site)
  File "/home/gijs/miniconda3/envs/openwpm/lib/python3.10/site-packages/selenium/webdriver/remote/webdriver.py", line 333, in get
    self.execute(Command.GET, {'url': url})
  File "/home/gijs/miniconda3/envs/openwpm/lib/python3.10/site-packages/selenium/webdriver/remote/webdriver.py", line 321, in execute
    self.error_handler.check_response(response)
  File "/home/gijs/miniconda3/envs/openwpm/lib/python3.10/site-packages/selenium/webdriver/remote/errorhandler.py", line 242, in check_response
    raise exception_class(message, screen, stacktrace)
selenium.common.exceptions.WebDriverException: Message: Reached error page: about:neterror?e=dnsNotFound&u=https%3A//www.rufus.ie/&c=UTF-8&d=We%20can%E2%80%99t%20connect%20to%20the%20server%20at%20www.rufus.ie.

INFO:root:Finding consent element...
INFO:root:Selecting elements to search
INFO:root:Searching selected elements
INFO:root:No initial consent element found, now looking in iframes...
INFO:root:No consent element could be found
INFO:root:Finding reject element...
INFO:root:Selecting elements to search
INFO:root:Searching selected elements
INFO:root:No initial reject element found, now looking in iframes...
INFO:root:No reject element could be found
INFO:root:Sleeping for one second
INFO:root:Making screenshot
INFO:root:Trying site: https://www.thesun.ie
INFO:root:Sleeping for 3 seconds
INFO:root:Finding consent element...
INFO:root:Selecting elements to search
INFO:root:Searching selected elements
INFO:root:Element found: button with text: allow
INFO:root:Finding reject element...
INFO:root:Selecting elements to search
INFO:root:Searching selected elements
INFO:root:Element found: button with text: dismiss
INFO:root:Sleeping for one second
INFO:root:Making screenshot
