INFO:root:Starting program...
INFO:root:Making wordlists...
INFO:root:Wordlists created
INFO:root:Starting driver...
INFO:root:Driver started
INFO:root:Starting crawl...
INFO:root:Trying site: https://www.ad.nl
INFO:root:Sleeping for 3 seconds
INFO:root:Finding consent element...
INFO:root:Selecting elements to search
INFO:root:Searching selected elements
INFO:root:No initial consent element found, now looking in iframes...
INFO:root:Switched to iframe: <selenium.webdriver.remote.webelement.WebElement (session="ed0c7bbb-8ee8-4290-9683-1f26cda9c21f", element="ec03523b-5795-45d5-b53b-048c4dec7abb")>
INFO:root:Selecting elements to search
INFO:root:Searching selected elements
INFO:root:Switched to iframe: <selenium.webdriver.remote.webelement.WebElement (session="ed0c7bbb-8ee8-4290-9683-1f26cda9c21f", element="dcc35c22-8cd1-46f4-ac9f-5bc160bfd3aa")>
INFO:root:Selecting elements to search
INFO:root:Searching selected elements
INFO:root:Element found: button with text: akkoord
INFO:root:Finding reject element...
INFO:root:Selecting elements to search
INFO:root:Searching selected elements
INFO:root:No initial reject element found, now looking in iframes...
INFO:root:Switched to iframe: <selenium.webdriver.remote.webelement.WebElement (session="ed0c7bbb-8ee8-4290-9683-1f26cda9c21f", element="ec03523b-5795-45d5-b53b-048c4dec7abb")>
INFO:root:Selecting elements to search
INFO:root:Searching selected elements
INFO:root:Switched to iframe: <selenium.webdriver.remote.webelement.WebElement (session="ed0c7bbb-8ee8-4290-9683-1f26cda9c21f", element="dcc35c22-8cd1-46f4-ac9f-5bc160bfd3aa")>
INFO:root:Selecting elements to search
INFO:root:Searching selected elements
INFO:root:No reject element could be found
INFO:root:Sleeping for one second
INFO:root:Making screenshot
INFO:root:Trying site: https://www.telegraaf.nl
INFO:root:Sleeping for 3 seconds
INFO:root:Finding consent element...
INFO:root:Selecting elements to search
INFO:root:Searching selected elements
INFO:root:Element found: button with text: akkoord
INFO:root:Finding reject element...
INFO:root:Selecting elements to search
INFO:root:Searching selected elements
INFO:root:No initial reject element found, now looking in iframes...
INFO:root:Switched to iframe: <selenium.webdriver.remote.webelement.WebElement (session="ed0c7bbb-8ee8-4290-9683-1f26cda9c21f", element="a5239df1-5433-4c58-9c1d-8ab11293084e")>
INFO:root:Selecting elements to search
INFO:root:Searching selected elements
INFO:root:Switched to iframe: <selenium.webdriver.remote.webelement.WebElement (session="ed0c7bbb-8ee8-4290-9683-1f26cda9c21f", element="ba3e9ef5-46c9-48b5-9685-1a857d542d89")>
INFO:root:Selecting elements to search
INFO:root:Searching selected elements
INFO:root:No reject element could be found
INFO:root:Sleeping for one second
INFO:root:Making screenshot
INFO:root:Trying site: https://www.xs4all.nl
INFO:root:Sleeping for 3 seconds
INFO:root:Finding consent element...
INFO:root:Selecting elements to search
INFO:root:Searching selected elements
INFO:root:No initial consent element found, now looking in iframes...
INFO:root:No consent element could be found
INFO:root:Finding reject element...
INFO:root:Selecting elements to search
INFO:root:Searching selected elements
INFO:root:No initial reject element found, now looking in iframes...
INFO:root:No reject element could be found
INFO:root:Sleeping for one second
INFO:root:Making screenshot
INFO:root:Trying site: https://www.tudelft.nl
INFO:root:Sleeping for 3 seconds
INFO:root:Finding consent element...
INFO:root:Selecting elements to search
INFO:root:Searching selected elements
INFO:root:Element found: a with text: ik ga akkoord
INFO:root:Finding reject element...
INFO:root:Selecting elements to search
INFO:root:Searching selected elements
INFO:root:Element found: a with text: ik ga niet akkoord
INFO:root:Sleeping for one second
INFO:root:Making screenshot
INFO:root:Trying site: https://www.rug.nl
INFO:root:Sleeping for 3 seconds
INFO:root:Finding consent element...
INFO:root:Selecting elements to search
INFO:root:Searching selected elements
INFO:root:Element found: a with text: accept all cookies
INFO:root:Finding reject element...
INFO:root:Selecting elements to search
INFO:root:Searching selected elements
INFO:root:No initial reject element found, now looking in iframes...
INFO:root:No reject element could be found
INFO:root:Sleeping for one second
INFO:root:Making screenshot
INFO:root:Trying site: https://www.uva.nl
INFO:root:Sleeping for 3 seconds
INFO:root:Finding consent element...
INFO:root:Selecting elements to search
INFO:root:Searching selected elements
INFO:root:Element found: button with text: accepteer alle cookies
INFO:root:Finding reject element...
INFO:root:Selecting elements to search
INFO:root:Searching selected elements
INFO:root:No initial reject element found, now looking in iframes...
INFO:root:No reject element could be found
INFO:root:Sleeping for one second
INFO:root:Making screenshot
INFO:root:Trying site: https://www.digid.nl
INFO:root:Sleeping for 3 seconds
INFO:root:Finding consent element...
INFO:root:Selecting elements to search
INFO:root:Searching selected elements
INFO:root:Element found: a with text: activeren
INFO:root:Finding reject element...
INFO:root:Selecting elements to search
INFO:root:Searching selected elements
INFO:root:No initial reject element found, now looking in iframes...
INFO:root:No reject element could be found
INFO:root:Sleeping for one second
INFO:root:Making screenshot
INFO:root:Trying site: https://www.rijksoverheid.nl
INFO:root:Sleeping for 3 seconds
INFO:root:Finding consent element...
INFO:root:Selecting elements to search
INFO:root:Searching selected elements
INFO:root:No initial consent element found, now looking in iframes...
INFO:root:No consent element could be found
INFO:root:Finding reject element...
INFO:root:Selecting elements to search
INFO:root:Searching selected elements
INFO:root:No initial reject element found, now looking in iframes...
INFO:root:No reject element could be found
INFO:root:Sleeping for one second
INFO:root:Making screenshot
INFO:root:Trying site: https://www.utwente.nl
INFO:root:Sleeping for 3 seconds
INFO:root:Finding consent element...
INFO:root:Selecting elements to search
INFO:root:Searching selected elements
INFO:root:No initial consent element found, now looking in iframes...
INFO:root:Switched to iframe: <selenium.webdriver.remote.webelement.WebElement (session="ed0c7bbb-8ee8-4290-9683-1f26cda9c21f", element="48d0a8f1-a54f-40a7-8fb5-d54b28f7ea86")>
INFO:root:Selecting elements to search
INFO:root:Searching selected elements
INFO:root:Switched to iframe: <selenium.webdriver.remote.webelement.WebElement (session="ed0c7bbb-8ee8-4290-9683-1f26cda9c21f", element="4d8e6930-576d-4893-a9a0-29aaa1605c7f")>
INFO:root:Selecting elements to search
INFO:root:Searching selected elements
INFO:root:No consent element could be found
INFO:root:Finding reject element...
INFO:root:Selecting elements to search
INFO:root:Searching selected elements
INFO:root:No initial reject element found, now looking in iframes...
INFO:root:Switched to iframe: <selenium.webdriver.remote.webelement.WebElement (session="ed0c7bbb-8ee8-4290-9683-1f26cda9c21f", element="48d0a8f1-a54f-40a7-8fb5-d54b28f7ea86")>
INFO:root:Selecting elements to search
INFO:root:Searching selected elements
INFO:root:Switched to iframe: <selenium.webdriver.remote.webelement.WebElement (session="ed0c7bbb-8ee8-4290-9683-1f26cda9c21f", element="4d8e6930-576d-4893-a9a0-29aaa1605c7f")>
INFO:root:Selecting elements to search
INFO:root:Searching selected elements
INFO:root:No reject element could be found
INFO:root:Sleeping for one second
INFO:root:Making screenshot
INFO:root:Trying site: https://www.marktplaats.nl
INFO:root:Sleeping for 3 seconds
INFO:root:Finding consent element...
INFO:root:Selecting elements to search
INFO:root:Searching selected elements
INFO:root:Element found: button with text: accepteren
INFO:root:Finding reject element...
INFO:root:Selecting elements to search
INFO:root:Searching selected elements
INFO:root:No initial reject element found, now looking in iframes...
INFO:root:Switched to iframe: <selenium.webdriver.remote.webelement.WebElement (session="ed0c7bbb-8ee8-4290-9683-1f26cda9c21f", element="cba23070-87db-4c56-a877-a5e4231ad98e")>
INFO:root:Selecting elements to search
INFO:root:Searching selected elements
INFO:root:Switched to iframe: <selenium.webdriver.remote.webelement.WebElement (session="ed0c7bbb-8ee8-4290-9683-1f26cda9c21f", element="b6ca55b6-bd7a-42cf-aacb-8e39549a69eb")>
INFO:root:Selecting elements to search
INFO:root:Searching selected elements
INFO:root:Switched to iframe: <selenium.webdriver.remote.webelement.WebElement (session="ed0c7bbb-8ee8-4290-9683-1f26cda9c21f", element="7bf80dd5-edc2-4879-96a3-6e9546bc9b91")>
INFO:root:Selecting elements to search
INFO:root:Searching selected elements
INFO:root:Switched to iframe: <selenium.webdriver.remote.webelement.WebElement (session="ed0c7bbb-8ee8-4290-9683-1f26cda9c21f", element="c02420f6-b686-48d9-9631-44c57a0702cd")>
INFO:root:Selecting elements to search
INFO:root:Searching selected elements
INFO:root:Switched to iframe: <selenium.webdriver.remote.webelement.WebElement (session="ed0c7bbb-8ee8-4290-9683-1f26cda9c21f", element="3fc615ce-29af-412f-917b-10f9869ae265")>
INFO:root:Selecting elements to search
INFO:root:Searching selected elements
INFO:root:No reject element could be found
INFO:root:Sleeping for one second
INFO:root:Making screenshot
INFO:root:Trying site: https://www.tue.nl
INFO:root:Sleeping for 3 seconds
INFO:root:Finding consent element...
INFO:root:Selecting elements to search
INFO:root:Searching selected elements
INFO:root:Element found: a with text: i agree
INFO:root:Finding reject element...
INFO:root:Selecting elements to search
INFO:root:Searching selected elements
INFO:root:No initial reject element found, now looking in iframes...
INFO:root:No reject element could be found
INFO:root:Sleeping for one second
INFO:root:Making screenshot
INFO:root:Trying site: https://www.vu.nl
INFO:root:Sleeping for 3 seconds
INFO:root:Finding consent element...
INFO:root:Selecting elements to search
INFO:root:Searching selected elements
INFO:root:Element found: button with text: accepteer alle cookies
INFO:root:Finding reject element...
INFO:root:Selecting elements to search
INFO:root:Searching selected elements
INFO:root:No initial reject element found, now looking in iframes...
INFO:root:No reject element could be found
INFO:root:Sleeping for one second
INFO:root:Making screenshot
INFO:root:Trying site: https://www.wur.nl
INFO:root:Sleeping for 3 seconds
INFO:root:Finding consent element...
INFO:root:Selecting elements to search
INFO:root:Searching selected elements
INFO:root:Element found: div with text: accepteer alle cookies
INFO:root:Finding reject element...
INFO:root:Selecting elements to search
INFO:root:Searching selected elements
INFO:root:No initial reject element found, now looking in iframes...
INFO:root:No reject element could be found
INFO:root:Sleeping for one second
INFO:root:Making screenshot
INFO:root:Trying site: https://www.ing.nl
INFO:root:Sleeping for 3 seconds
INFO:root:Finding consent element...
INFO:root:Selecting elements to search
INFO:root:Searching selected elements
INFO:root:No initial consent element found, now looking in iframes...
INFO:root:No consent element could be found
INFO:root:Finding reject element...
INFO:root:Selecting elements to search
INFO:root:Searching selected elements
INFO:root:No initial reject element found, now looking in iframes...
INFO:root:No reject element could be found
INFO:root:Sleeping for one second
INFO:root:Making screenshot
INFO:root:Trying site: https://www.volkskrant.nl
INFO:root:Sleeping for 3 seconds
INFO:root:Finding consent element...
INFO:root:Selecting elements to search
INFO:root:Searching selected elements
INFO:root:No initial consent element found, now looking in iframes...
INFO:root:Switched to iframe: <selenium.webdriver.remote.webelement.WebElement (session="ed0c7bbb-8ee8-4290-9683-1f26cda9c21f", element="f4826007-9514-4839-a5ae-d016604fe59b")>
INFO:root:Selecting elements to search
INFO:root:Searching selected elements
INFO:root:Switched to iframe: <selenium.webdriver.remote.webelement.WebElement (session="ed0c7bbb-8ee8-4290-9683-1f26cda9c21f", element="f26260fe-039a-44fa-8e6c-5b809e4f5569")>
INFO:root:Selecting elements to search
INFO:root:Searching selected elements
INFO:root:Switched to iframe: <selenium.webdriver.remote.webelement.WebElement (session="ed0c7bbb-8ee8-4290-9683-1f26cda9c21f", element="3332c52a-275c-44f3-9703-68efe1bc8539")>
INFO:root:Selecting elements to search
INFO:root:Searching selected elements
INFO:root:Element found: button with text: akkoord
INFO:root:Switched to iframe: <selenium.webdriver.remote.webelement.WebElement (session="ed0c7bbb-8ee8-4290-9683-1f26cda9c21f", element="41baa828-a58b-4ca9-a0cf-591084baa6b5")>
INFO:root:Selecting elements to search
INFO:root:Searching selected elements
INFO:root:No consent element could be found
INFO:root:Finding reject element...
INFO:root:Selecting elements to search
INFO:root:Searching selected elements
INFO:root:No initial reject element found, now looking in iframes...
INFO:root:Switched to iframe: <selenium.webdriver.remote.webelement.WebElement (session="ed0c7bbb-8ee8-4290-9683-1f26cda9c21f", element="f4826007-9514-4839-a5ae-d016604fe59b")>
INFO:root:Selecting elements to search
INFO:root:Searching selected elements
INFO:root:Switched to iframe: <selenium.webdriver.remote.webelement.WebElement (session="ed0c7bbb-8ee8-4290-9683-1f26cda9c21f", element="f26260fe-039a-44fa-8e6c-5b809e4f5569")>
INFO:root:Selecting elements to search
INFO:root:Searching selected elements
INFO:root:Switched to iframe: <selenium.webdriver.remote.webelement.WebElement (session="ed0c7bbb-8ee8-4290-9683-1f26cda9c21f", element="3332c52a-275c-44f3-9703-68efe1bc8539")>
INFO:root:Selecting elements to search
INFO:root:Searching selected elements
INFO:root:Switched to iframe: <selenium.webdriver.remote.webelement.WebElement (session="ed0c7bbb-8ee8-4290-9683-1f26cda9c21f", element="41baa828-a58b-4ca9-a0cf-591084baa6b5")>
INFO:root:Selecting elements to search
INFO:root:Searching selected elements
INFO:root:No reject element could be found
INFO:root:Sleeping for one second
INFO:root:Making screenshot
INFO:root:Finished crawl
INFO:root:Shutting down driver...
INFO:root:Driver shut down
INFO:root:Sending data to file...
INFO:root:Data sent to file
